08112023	01:39:17	c8e250e2-1b63-4afd-95bd-0e646f887e76	OPTIONS	/auth	/auth	http://localhost:3001
08112023	01:39:94	e1ea1ba3-8ece-4ccc-994e-73d535adbb6b	OPTIONS	/auth	/auth	http://localhost:3001
08112023	01:39:38	8a31bf4b-ca45-4b1a-80db-252e3a225200	OPTIONS	/auth	/auth	http://localhost:3001
08112023	01:39:71	673be387-f9e3-4030-b842-14f9627f392e	OPTIONS	/auth	/auth	http://localhost:3001
08112023	01:39:02	b9de57b3-ec1b-4e9d-9d29-8430cd9fd512	OPTIONS	/auth	/auth	http://localhost:3001
08112023	01:39:17	553a75f1-346c-4aa6-a6ab-6d163cb4e46c	OPTIONS	/auth	/auth	http://localhost:3001
08112023	01:39:37	e1ea1c3a-8da9-486f-9f0d-06aafdaa0578	OPTIONS	/auth	/auth	http://localhost:3001
08112023	01:39:56	7cec90fc-26a8-40a7-98db-12f314e4db04	OPTIONS	/auth	/auth	http://localhost:3001
08112023	01:39:75	10ffc1d2-f12f-4c97-8d07-e1f09f96f2f5	OPTIONS	/auth	/auth	http://localhost:3001
08112023	01:39:07	129e5763-26f5-4ed6-93ab-1d2ce437d3d6	OPTIONS	/auth	/auth	http://localhost:3001
08112023	01:39:45	984a37bd-629f-47d5-81a9-544ce487c514	OPTIONS	/auth	/auth	http://localhost:3001
08112023	01:39:79	dc94e719-a411-4904-85c7-3bac2e868032	OPTIONS	/auth	/auth	http://localhost:3001
08112023	01:39:15	5d80c409-4e89-4735-892f-4969f019886c	OPTIONS	/auth	/auth	http://localhost:3001
08112023	01:39:52	2c044e01-b9f7-4e42-99e7-448fc2991be6	OPTIONS	/auth	/auth	http://localhost:3001
08112023	01:39:83	1e8aa830-dae6-46ae-86a3-fe42976ab2b3	OPTIONS	/auth	/auth	http://localhost:3001
08112023	01:39:29	0a365744-2e73-44e9-bc3c-362e63566024	OPTIONS	/auth	/auth	http://localhost:3001
08112023	01:41:39	c6a5ca7d-f83e-4975-b6d2-118556b04fd5	OPTIONS	/auth	/auth	http://localhost:3001
08112023	01:42:05	f3ae1fa6-5c9e-42a4-b2ed-aacedabe0b8c	OPTIONS	/auth	/auth	http://localhost:3001
08112023	01:43:73	ec55208f-b44f-4d29-8282-26e2237f4fca	OPTIONS	/auth	/auth	http://localhost:3001
08112023	01:44:59	6106dbf9-42eb-4392-b602-444a81867478	OPTIONS	/auth	/auth	http://localhost:3001
08112023	01:44:60	079d9218-33e5-4ab8-b3bc-6ff9df1e54b6	POST	/auth	/auth	http://localhost:3001
08112023	01:44:13	167a507b-8362-4946-accd-ca8f0a1b9467	POST	/auth	/auth	http://localhost:3001
08112023	01:44:13	e623cb53-e74a-465f-90ca-6169aa05feee	POST	/auth	/auth	http://localhost:3001
08112023	01:44:85	86a23c05-5ade-4217-8edb-5623308da676	POST	/auth	/auth	http://localhost:3001
08112023	01:44:50	febc2a4c-4ec5-4f4d-b339-0c1f77758e2a	POST	/auth	/auth	http://localhost:3001
08112023	01:44:28	eb990415-3338-4121-8e77-63f3d73c9940	OPTIONS	/auth	/auth	http://localhost:3001
08112023	01:44:29	9f0f0cea-7c0b-4fcd-92e1-e4811c1704dc	POST	/auth	/auth	http://localhost:3001
08112023	01:44:32	d373b12c-7496-4015-94bb-cec002571f33	OPTIONS	/auth	/auth	http://localhost:3001
08112023	01:44:32	980b842d-a20e-4403-ac85-5cf7c1d41408	POST	/auth	/auth	http://localhost:3001
08112023	01:45:89	d41f38c1-c4ff-487f-8f74-77aaa7eaf4de	OPTIONS	/auth	/auth	http://localhost:3001
08112023	01:45:90	77eebfcb-5574-4007-b7cc-1bff7a285eea	POST	/auth	/auth	http://localhost:3001
08112023	01:46:09	75b0460b-98a3-45c6-8bc5-4ae1f7e8eabc	OPTIONS	/auth	/auth	http://localhost:3001
08112023	01:46:10	b921ecc2-a004-4e07-9f91-ab8d42019369	POST	/auth	/auth	http://localhost:3001
08112023	01:46:80	f0560e70-c914-4c8f-b5be-05b10b1ec23f	OPTIONS	/auth	/auth	http://localhost:3001
08112023	01:46:80	19fe8dfd-7229-4aff-881e-7ef47c746e40	POST	/auth	/auth	http://localhost:3001
08112023	01:46:94	9a14b968-6abb-42d4-a8fc-f3f625b12f86	POST	/auth	/auth	http://localhost:3001
08112023	01:46:14	3896d252-298e-4840-ad01-9e72a74db39c	OPTIONS	/auth	/auth	http://localhost:3001
08112023	01:46:14	a107573c-12d5-450a-b50d-72c0854c0673	POST	/auth	/auth	http://localhost:3001
08112023	01:46:82	1c9e40ff-c588-4fa2-87cc-28635662befa	POST	/auth	/auth	http://localhost:3001
08112023	01:48:14	0f80807a-7a51-4e7c-8b29-3f1a70123a36	POST	/auth	/auth	undefined
08112023	01:50:86	4a2fd3c9-989c-4514-97f1-9a87c1c6ad41	POST	/auth	/auth	undefined
08112023	01:51:17	9c5e2301-3122-4ba0-ae4c-65b80eac3266	POST	/auth	/auth	undefined
08112023	01:52:17	303ad1bf-a0df-4739-a2f7-c3c6a17e907c	GET	/auth/refresh	/auth/refresh	undefined
08112023	01:52:15	6ac20119-6f20-4cb4-983c-149922a8a195	POST	/auth/logout	/auth/logout	undefined
08112023	01:52:20	eab20225-3253-4565-82e6-525c71e32b3a	POST	/auth	/auth	undefined
08112023	01:52:08	4026e93b-18ee-4aeb-8166-3b8d83d28b28	OPTIONS	/auth	/auth	http://localhost:3001
08112023	01:52:08	53c1f4cc-f9bc-4676-af83-5a3e98988e75	POST	/auth	/auth	http://localhost:3001
08112023	01:52:34	41552a84-2759-4743-b4e7-b69cbad9cc48	POST	/auth	/auth	http://localhost:3001
08112023	01:52:21	741c476e-fb47-4a97-b044-760838a65607	OPTIONS	/auth	/auth	http://localhost:3001
08112023	01:52:22	9f530d32-9cbc-4f02-8d9c-f016dc08223c	POST	/auth	/auth	http://localhost:3001
08112023	01:53:01	62456bdf-d2b8-4c1e-8199-831c40bddf28	POST	/auth/logout	/auth/logout	undefined
08112023	01:53:04	a37f807b-97dd-4532-a7e5-c8f8ef031e80	OPTIONS	/auth	/auth	http://localhost:3001
08112023	01:53:04	abeca5c8-1be6-463b-8eb1-8f7aea4067ba	POST	/auth	/auth	http://localhost:3001
08112023	01:53:61	27fb5e18-4246-48d6-9231-150469cbd5b2	POST	/auth	/auth	http://localhost:3001
08112023	01:53:49	208ecbfa-91fd-44ae-bcbf-fb4685621f6d	POST	/auth	/auth	http://localhost:3001
08112023	02:04:06	7ad39889-8508-49e5-93f6-913e617b1975	OPTIONS	/auth	/auth	http://localhost:3001
08112023	02:04:07	4aca89df-d4fb-4763-a888-597238091823	POST	/auth	/auth	http://localhost:3001
08112023	02:05:15	90fda8c9-a30a-4968-8530-29fc7e4cce63	OPTIONS	/auth	/auth	http://localhost:3001
08112023	02:05:16	e7235ee5-cc84-4331-b1bb-8e55f1f60ce8	POST	/auth	/auth	http://localhost:3001
08112023	02:06:81	00b90fc1-a3a7-4aa6-ac98-1744019aeea5	OPTIONS	/auth	/auth	http://localhost:3001
08112023	02:06:82	e5cc00d9-ee4b-436b-8006-96c69cf18979	POST	/auth	/auth	http://localhost:3001
08112023	02:08:92	2eff12e5-d5ba-458a-8fe1-93c4c9f4d846	OPTIONS	/auth	/auth	http://localhost:3001
08112023	02:08:92	96d35d8e-2b68-474a-bd7f-0a0eefbef551	POST	/auth	/auth	http://localhost:3001
08112023	02:08:94	9713c614-681d-4020-9a83-c262a771d82d	OPTIONS	/auth	/auth	http://localhost:3001
08112023	02:08:94	8398a591-02a4-49ce-a517-4ba253b4bef8	POST	/auth	/auth	http://localhost:3001
08112023	02:09:71	2ed8bb45-fad3-4c72-8f95-8d1e320a7971	OPTIONS	/auth	/auth	http://localhost:3001
08112023	02:09:72	33d86b4f-bcfd-471d-9a9b-4c02eae6a389	POST	/auth	/auth	http://localhost:3001
08112023	02:09:38	fbd74e21-dc74-4bf4-b9d9-c11339b5d233	OPTIONS	/auth	/auth	http://localhost:3001
08112023	02:09:38	4e42cd4f-d8e8-4601-b433-f078981c33e6	POST	/auth	/auth	http://localhost:3001
08112023	02:45:33	bd08ed02-5294-413a-a0e1-a17ae39fcc7f	OPTIONS	/auth	/auth	http://localhost:3001
08112023	02:45:33	976e95b0-8976-4d45-ae4c-7127296e792e	POST	/auth	/auth	http://localhost:3001
08112023	03:00:19	866a4ae5-3d79-47b2-91e5-3e2538fe62b1	OPTIONS	/auth	/auth	http://localhost:3001
08112023	03:00:19	4efbd31d-9167-4c21-9e9a-6b757f0edf63	POST	/auth	/auth	http://localhost:3001
08112023	03:12:48	8bd8cd97-b1cb-4efe-92f4-8f45a8f9643b	OPTIONS	/auth	/auth	http://localhost:3001
08112023	03:12:48	bc12ddd2-36ff-4cbf-a415-7ed4a1cb7b61	POST	/auth	/auth	http://localhost:3001
08112023	03:14:43	065d7b73-04c6-40e9-b79a-cfb80ebfa6d0	OPTIONS	/auth	/auth	http://localhost:3001
08112023	03:14:43	d3c16d80-30ac-4dd6-873f-3c95ae45398b	POST	/auth	/auth	http://localhost:3001
08112023	03:19:61	9a7fe280-c76f-4624-8611-c86c00f1ee3a	OPTIONS	/auth	/auth	http://localhost:3001
08112023	03:19:62	bc2c3328-0227-41d1-9dba-da16c297060f	POST	/auth	/auth	http://localhost:3001
08112023	03:20:83	a7b121fd-d395-4fe7-bc4a-90747cd339ba	OPTIONS	/auth	/auth	http://localhost:3001
08112023	03:20:84	58963566-5f50-44b6-bee7-04de42515607	POST	/auth	/auth	http://localhost:3001
08112023	03:20:42	cee2436a-da16-4840-8c88-bf57f437ca34	OPTIONS	/auth	/auth	http://localhost:3001
08112023	03:20:43	c534302b-e39d-4d03-87ba-fb4b580364c0	POST	/auth	/auth	http://localhost:3001
08112023	03:21:46	2a763cc0-1777-43c8-bcfc-c65deee4a311	OPTIONS	/auth	/auth	http://localhost:3001
08112023	03:21:47	fb4eb057-c3fb-4758-85a4-c464429d5282	POST	/auth	/auth	http://localhost:3001
08112023	03:21:70	4854614e-6c7a-42db-b7c2-cd62c80fc9e0	OPTIONS	/auth	/auth	http://localhost:3001
08112023	03:21:71	8abf8995-c8d8-4392-8859-c190c8a0bfa5	POST	/auth	/auth	http://localhost:3001
08112023	03:22:27	599e4be1-4583-4dd7-92b1-76c754537a1b	OPTIONS	/auth	/auth	http://localhost:3001
08112023	03:22:28	1dea94c8-a4c9-49b7-88ea-4e86a251d263	POST	/auth	/auth	http://localhost:3001
08112023	03:22:39	d644c375-40e4-43a0-9691-d098dd3fae78	OPTIONS	/auth	/auth	http://localhost:3001
08112023	03:22:39	c91397f0-681d-4988-b87d-e73926899d0b	POST	/auth	/auth	http://localhost:3001
08112023	03:23:47	d9d524c5-995e-42eb-abb4-928e29cc9f82	OPTIONS	/auth	/auth	http://localhost:3001
08112023	03:23:47	02d12612-1e47-4575-9795-f53402c79742	POST	/auth	/auth	http://localhost:3001
08112023	03:24:09	d8db8a82-3305-43ec-8191-a6963569c07f	OPTIONS	/auth	/auth	http://localhost:3001
08112023	03:24:09	316ffbae-1055-49dc-8229-0663bf4f9fb1	POST	/auth	/auth	http://localhost:3001
08112023	03:25:59	81e30776-8d33-47f3-b4ff-e795b433f0c2	OPTIONS	/auth	/auth	http://localhost:3001
08112023	03:25:60	064c8c9c-8a10-43e5-81ac-4c1d6f59ecea	POST	/auth	/auth	http://localhost:3001
08112023	03:25:67	17ee31de-7a36-42b7-87c6-6536dc6e33ce	OPTIONS	/auth	/auth	http://localhost:3001
08112023	03:25:68	874de984-4aed-4365-bb24-ce79d48b7ad0	POST	/auth	/auth	http://localhost:3001
08112023	03:26:43	bf5112e4-7a96-475e-8a26-4ad25404fb29	OPTIONS	/auth	/auth	http://localhost:3001
08112023	03:26:44	74e3b537-d3ef-4b20-973e-54b5858205de	POST	/auth	/auth	http://localhost:3001
08112023	03:26:78	fe5a4762-cdd7-42cf-bc2e-ca881020f1c6	POST	/auth	/auth	http://localhost:3001
08112023	03:26:17	80bb4d26-ceb9-438e-b68f-c364b4e966a1	OPTIONS	/auth	/auth	http://localhost:3001
08112023	03:26:17	8929e02f-6297-430c-a921-e28b3ba0abdd	POST	/auth	/auth	http://localhost:3001
08112023	03:27:21	e33ac41b-3447-4c58-a49d-f138e9923d80	OPTIONS	/auth	/auth	http://localhost:3001
08112023	03:27:22	ec32b717-7168-4474-88f2-9a64919465a8	POST	/auth	/auth	http://localhost:3001
08112023	03:28:47	8cb35dd2-d2b3-4335-a8fe-646b56edec9d	OPTIONS	/auth	/auth	http://localhost:3001
08112023	03:28:48	6fc71ca5-64c2-4669-9cd8-09021362358b	POST	/auth	/auth	http://localhost:3001
08112023	03:30:27	23a971ac-9739-41f8-8b4e-9a8bbeb3ffb6	OPTIONS	/auth	/auth	http://localhost:3001
08112023	03:30:28	547daa41-6193-4447-8396-0fe18d7a93b1	POST	/auth	/auth	http://localhost:3001
08112023	03:31:06	1255be48-e8bd-4c45-bd00-ae94c6d68852	OPTIONS	/auth	/auth	http://localhost:3001
08112023	03:31:07	f186b159-c1e0-445d-b4cf-e3055a6a633c	POST	/auth	/auth	http://localhost:3001
08112023	03:31:09	10f2a251-dc7e-4d0c-8e11-23ae5ee55bbf	OPTIONS	/auth/refresh	/auth/refresh	http://localhost:3001
08112023	03:31:10	b54bb76a-8a2d-429c-83e8-bdf171943094	GET	/auth/refresh	/auth/refresh	http://localhost:3001
08112023	03:33:32	73359ba4-2e11-4311-817d-1ebd1e0db367	OPTIONS	/auth	/auth	http://localhost:3001
08112023	03:33:33	bb6c0535-936b-4fc0-8211-fcaba22df047	POST	/auth	/auth	http://localhost:3001
08112023	03:34:72	2a295035-7cea-48c9-810c-1980ae04b4c4	OPTIONS	/auth	/auth	http://localhost:3001
08112023	03:34:73	006600eb-0707-4742-9adb-fffdd49abd69	POST	/auth	/auth	http://localhost:3001
08112023	03:35:51	d355beb1-4e0f-4546-9e07-722ef42b6c4c	OPTIONS	/auth	/auth	http://localhost:3001
08112023	03:35:51	ff817d04-5b62-48c1-950c-2afdc3be477a	POST	/auth	/auth	http://localhost:3001
08112023	03:36:20	e0bd5aa5-759c-434b-ad97-6865fd9a9e9e	OPTIONS	/auth	/auth	http://localhost:3001
08112023	03:36:21	149f12f8-9e38-4302-b293-9a5aee86c9f0	POST	/auth	/auth	http://localhost:3001
08112023	03:36:23	21f95779-d13f-497a-a5ee-8f8c35974cea	OPTIONS	/auth/refresh	/auth/refresh	http://localhost:3001
08112023	03:36:23	44a98b94-9f41-4b14-9df8-a7c4af867662	GET	/auth/refresh	/auth/refresh	http://localhost:3001
08112023	03:38:68	4a90948b-cc22-4db9-8919-55e8b0cbf40d	OPTIONS	/auth	/auth	http://localhost:3001
08112023	03:38:69	45fcf316-261b-480e-af0c-76e05983c7c4	POST	/auth	/auth	http://localhost:3001
08112023	03:39:67	bdccb28e-8e16-4f0f-940d-ab984083da65	OPTIONS	/auth	/auth	http://localhost:3001
08112023	03:39:68	db271fab-1e88-4e62-930d-6fe9cecca4e5	POST	/auth	/auth	http://localhost:3001
08112023	03:39:70	61773a9b-1674-4a49-9311-30da87c93eac	OPTIONS	/auth/refresh	/auth/refresh	http://localhost:3001
08112023	03:39:71	f8e53c28-4c52-440d-ba73-8de2da7afc6c	GET	/auth/refresh	/auth/refresh	http://localhost:3001
08112023	03:39:03	3a0a4c44-b270-4beb-b81b-161edadfcd1a	POST	/auth	/auth	http://localhost:3001
08112023	03:40:56	729265b0-b60d-4d53-a4d4-56a604ea0114	OPTIONS	/auth	/auth	http://localhost:3001
08112023	03:40:57	c32a17e6-371b-4a8c-a0ef-32477c285f50	POST	/auth	/auth	http://localhost:3001
08112023	03:41:05	77b24212-bbf6-49cc-ad1e-c2a413d6d948	OPTIONS	/auth	/auth	http://localhost:3001
08112023	03:41:05	ad9f0c77-6add-449c-b20c-ee5d07619f78	POST	/auth	/auth	http://localhost:3001
08112023	03:42:49	5f58fbab-3025-4c64-9061-a761546fcfbe	OPTIONS	/auth	/auth	http://localhost:3001
08112023	03:42:50	925f8363-2f81-48bf-84c2-9dbdc6b061fa	POST	/auth	/auth	http://localhost:3001
08112023	03:45:34	ffcf62fd-c3fd-4d88-974e-1953f13033ce	OPTIONS	/auth	/auth	http://localhost:3001
08112023	03:45:35	12f93a9e-1487-4c01-913d-187e421b4f6a	POST	/auth	/auth	http://localhost:3001
08112023	03:47:29	6d72444b-3475-4de8-923d-52e1cf17999b	OPTIONS	/auth	/auth	http://localhost:3001
08112023	03:47:30	bb25b5d7-5999-4309-999f-10d884f46e00	POST	/auth	/auth	http://localhost:3001
08112023	03:48:67	813ec092-7950-4064-b99c-248e2122476d	OPTIONS	/auth	/auth	http://localhost:3001
08112023	03:48:68	151ffa49-ca86-4a53-9847-b8e40fedfb09	POST	/auth	/auth	http://localhost:3001
08112023	03:48:05	ad275c1e-f0f4-4637-be7f-0b05aca84470	OPTIONS	/auth	/auth	http://localhost:3001
08112023	03:48:06	5d756e79-2878-4b72-a05d-383889ce2071	POST	/auth	/auth	http://localhost:3001
08112023	03:49:18	d2a03969-efd5-4974-9947-b999a5769d80	OPTIONS	/auth	/auth	http://localhost:3001
08112023	03:49:19	c1b6c8d2-09d0-4a68-8b5b-4796aa68960a	POST	/auth	/auth	http://localhost:3001
08112023	03:49:21	55092d80-18a7-4d67-84ea-e659b74be520	OPTIONS	/auth/refresh	/auth/refresh	http://localhost:3001
08112023	03:49:22	1f277526-9e09-46bb-9b89-0a250efa2cce	GET	/auth/refresh	/auth/refresh	http://localhost:3001
08112023	03:49:53	3b91402c-0dbb-4df1-a279-f13f10ee579e	POST	/auth	/auth	http://localhost:3001
08112023	03:49:04	949117d4-4bb7-44de-8ec3-6f5227149e42	OPTIONS	/auth	/auth	http://localhost:3001
08112023	03:49:05	b648bea6-47ee-4cdd-af3d-f486509fb282	POST	/auth	/auth	http://localhost:3001
08112023	03:49:06	868a70f4-b8df-4e8f-9a9a-974066cd6702	OPTIONS	/auth/refresh	/auth/refresh	http://localhost:3001
08112023	03:49:06	f6a0aad0-98e8-427b-8a44-022603b93bed	GET	/auth/refresh	/auth/refresh	http://localhost:3001
08112023	03:49:36	7f883c41-2e86-42bf-b1d1-74279bf549a6	POST	/auth	/auth	http://localhost:3001
08112023	03:56:54	e6f3a1ce-446c-4acd-8fb6-1276cdc2f43e	OPTIONS	/auth	/auth	http://localhost:3001
08112023	03:56:55	ba0a5735-2a25-4fc5-9951-edace33f43af	POST	/auth	/auth	http://localhost:3001
08112023	03:58:38	a7469e36-086e-4106-8599-9b5f3119347f	OPTIONS	/auth	/auth	http://localhost:3001
08112023	03:58:38	a0e12b0d-4b48-4794-ad64-6c1b1c471105	POST	/auth	/auth	http://localhost:3001
08112023	10:28:89	541f2a81-a2ab-436b-a27d-9eb4eb1765e3	OPTIONS	/auth	/auth	http://localhost:3001
08112023	10:28:90	59638891-28d1-4cfe-a72c-9bce3e49279a	POST	/auth	/auth	http://localhost:3001
08112023	10:31:67	35610ba0-0b50-4b35-804d-13f0dccafadf	OPTIONS	/auth	/auth	http://localhost:3001
08112023	10:31:68	42225962-85df-4aea-b8a3-eefcbc564e09	POST	/auth	/auth	http://localhost:3001
08112023	10:32:67	92a68c3d-9d51-41e2-b380-e732cfeb3305	OPTIONS	/auth	/auth	http://localhost:3001
08112023	10:32:68	300bb34a-8079-4973-b71e-1848f2a47d95	POST	/auth	/auth	http://localhost:3001
08112023	10:32:40	1d577f51-e682-49b6-a3b4-40c17ee0f272	OPTIONS	/auth	/auth	http://localhost:3001
08112023	10:32:41	030a716f-64eb-4eb6-a94f-960183e2f5ce	POST	/auth	/auth	http://localhost:3001
08112023	10:33:16	cbacd279-cddf-443b-84eb-00248a166ce3	OPTIONS	/auth	/auth	http://localhost:3001
08112023	10:33:17	79e674d9-89e3-483f-8973-d63a6b6e31ea	POST	/auth	/auth	http://localhost:3001
08112023	10:33:20	8a26dd5b-b52a-478c-ad3b-2b5b0e39abc4	OPTIONS	/auth/refresh	/auth/refresh	http://localhost:3001
08112023	10:33:21	6ba1a7eb-3815-4216-b7e2-95e999b6a182	GET	/auth/refresh	/auth/refresh	http://localhost:3001
08112023	10:33:58	fabdeb46-5d62-47da-92bd-2136fcec32a0	POST	/auth	/auth	http://localhost:3001
08112023	10:33:11	d481006c-09e5-4070-bb32-af3027291332	OPTIONS	/auth	/auth	http://localhost:3001
08112023	10:33:12	5b47409d-5bed-48ec-87ab-0f5c88bb44c1	POST	/auth	/auth	http://localhost:3001
08112023	10:33:13	dae8b07b-be20-4536-8cd0-97f5763c853e	OPTIONS	/auth/refresh	/auth/refresh	http://localhost:3001
08112023	10:33:14	849f3626-9f28-4841-b9a2-78d85f3514ef	GET	/auth/refresh	/auth/refresh	http://localhost:3001
08112023	10:33:56	ba3ee5fc-da56-4468-8d53-a0c7a6f225f1	POST	/auth	/auth	http://localhost:3001
08112023	10:36:29	43965949-dc9d-445a-81a1-15e697ede8f4	OPTIONS	/auth	/auth	http://localhost:3001
08112023	10:36:30	5615452d-58da-45e8-9ca7-140843d154e8	POST	/auth	/auth	http://localhost:3001
08112023	10:37:60	7da76aab-38ea-4958-9394-34b37dcbecce	OPTIONS	/auth	/auth	http://localhost:3001
08112023	10:37:61	41697d89-028b-4640-80cc-cebf01faa8bc	POST	/auth	/auth	http://localhost:3001
08112023	11:09:68	ade9f5db-5ac2-4f1e-a3b7-0932b15975fb	OPTIONS	/auth	/auth	http://localhost:3001
08112023	11:09:70	700aca91-2080-4a04-b436-9924dda7b9d4	POST	/auth	/auth	http://localhost:3001
08112023	11:16:50	2b5f86d0-9543-44f0-8dd4-b8c7e5b9e50f	OPTIONS	/auth	/auth	http://localhost:3001
08112023	11:16:52	4f53daa1-8086-47b1-ada1-96cb021bbf90	POST	/auth	/auth	http://localhost:3001
08112023	11:17:66	e8adf710-0a75-49dc-9692-75391665d615	OPTIONS	/auth	/auth	http://localhost:3001
08112023	11:17:67	2a150337-22e4-4edf-b2b6-5626d89c6c91	POST	/auth	/auth	http://localhost:3001
08112023	11:17:80	6beccd34-a5fd-4a92-af69-efad63080cd4	POST	/auth	/auth	http://localhost:3001
08112023	11:17:89	4645fdd8-140c-48bc-bcaa-b24d933f65da	POST	/auth	/auth	http://localhost:3001
08112023	11:17:56	22483884-83e6-466f-a57e-4399c0776dc8	POST	/auth	/auth	http://localhost:3001
08112023	11:17:23	7f05d51d-6630-465f-9ec5-8fe7f31646a4	POST	/auth	/auth	http://localhost:3001
08112023	11:17:19	2104a8fc-c0ad-492d-bb66-3b156e0b84fb	POST	/auth	/auth	http://localhost:3001
08112023	11:17:16	d06ef1e6-4903-448c-a3a8-b9fe490ff06c	OPTIONS	/auth	/auth	http://localhost:3001
08112023	11:17:16	58b579ed-9f91-4cc7-af99-1ff7bbdb6798	POST	/auth	/auth	http://localhost:3001
08112023	11:17:23	af2abe4a-3d2c-4dec-a577-319b32f1f10b	POST	/auth	/auth	http://localhost:3001
08112023	11:18:09	e10cd894-c3dc-46da-b0ee-d056c26b9bd2	OPTIONS	/auth	/auth	http://localhost:3001
08112023	11:18:09	f11bdef3-5249-484c-a4cd-baa5753fc749	POST	/auth	/auth	http://localhost:3001
08112023	11:25:93	4ca9b74d-1696-40f1-b273-3c6f91de0c62	OPTIONS	/auth	/auth	http://localhost:3001
08112023	11:25:94	9801535e-1cf6-49b9-8f70-4220fbaa8021	POST	/auth	/auth	http://localhost:3001
08112023	12:07:96	d34c3891-607a-46e3-a00d-c6d9ba9eb82f	OPTIONS	/auth	/auth	http://localhost:3001
08112023	12:07:97	95f33cc9-65b6-49cf-a2b5-7c5446f53a05	POST	/auth	/auth	http://localhost:3001
08112023	12:07:77	da8f19b6-cf2b-40f2-9003-0acce32a8c54	POST	/auth	/auth	http://localhost:3001
08112023	12:08:42	014bdf85-8bbb-4e8c-a56c-3cd95aaf3446	OPTIONS	/auth	/auth	http://localhost:3001
08112023	12:08:43	18115d7a-21a4-4c19-84a4-ce401eb0b5b4	POST	/auth	/auth	http://localhost:3001
08112023	22:20:57	ff97507e-45c2-4cd9-ae81-7f64308e5218	OPTIONS	/auth/signup	/auth/signup	http://localhost:3000
08112023	22:20:59	060a6675-dedd-49d9-9fb4-465ab2bd0621	POST	/auth/signup	/auth/signup	http://localhost:3000
08112023	22:22:23	36e93698-f7f6-4d54-8b27-a4363ca2958c	OPTIONS	/auth/signup	/auth/signup	http://localhost:3000
08112023	22:22:24	f9bc5dba-cf95-4324-b342-ad3ac9978233	POST	/auth/signup	/auth/signup	http://localhost:3000
08112023	22:55:73	ddff1b3f-9f2d-4276-ada7-31205c713bd8	POST	/auth/signup	/auth/signup	undefined
08112023	22:56:21	211c633a-a291-4272-9dad-dac83a78176f	POST	/auth/signup	/auth/signup	undefined
08112023	22:56:00	eb778929-a405-414b-a777-ba191343b157	POST	/auth/signup	/auth/signup	undefined
08112023	22:58:07	e0d732ca-1c92-4381-92bf-2640048d090d	POST	/auth/signup	/auth/signup	undefined
08112023	22:59:70	18d06ef9-662f-4478-95a3-4b6d5ba08d23	POST	/auth/signup	/auth/signup	undefined
08112023	23:00:86	2cb8c633-7378-4524-82d8-e96a0f897235	POST	/auth/signup	/auth/signup	undefined
08112023	23:00:48	33a1685e-ac12-424f-b532-22efd14a972a	POST	/auth/signup	/auth/signup	undefined
08112023	23:01:59	927e4edc-7c44-46cf-af1e-42e6e14551a1	POST	/auth/signup	/auth/signup	undefined
08112023	23:02:88	892a1da8-a1f5-4202-b0b4-c9318ec90598	POST	/auth/signup	/auth/signup	undefined
08112023	23:02:95	b504044e-bae6-4d3b-947d-b3f6ced71eda	POST	/auth/signup	/auth/signup	undefined
08112023	23:02:76	afaced48-9c77-47dc-aaf1-666cae5c2055	POST	/auth/signup	/auth/signup	undefined
08112023	23:02:59	dd0fe599-a2cd-4ab2-81de-413c139f3399	OPTIONS	/auth/signup	/auth/signup	http://localhost:3000
08112023	23:02:61	fd191963-ce38-4fd8-9c62-5c0acd6194d6	POST	/auth/signup	/auth/signup	http://localhost:3000
08112023	23:04:13	6919c005-e1b8-4cc6-abee-f7ee02549701	OPTIONS	/auth/signup	/auth/signup	http://localhost:3000
08112023	23:04:14	97f7e6a1-baf1-44af-ab6d-321060963584	POST	/auth/signup	/auth/signup	http://localhost:3000
08112023	23:04:52	5e091ff0-d9b8-476f-aabf-f2e37a87bea3	OPTIONS	/auth/signup	/auth/signup	http://localhost:3000
08112023	23:04:52	49020d82-2a0f-4a03-9744-592300f8a2a4	POST	/auth/signup	/auth/signup	http://localhost:3000
08112023	23:05:98	9b95bb39-46da-4d12-8bfc-1b366cda048e	OPTIONS	/auth/signup	/auth/signup	http://localhost:3000
08112023	23:05:99	67b1812d-4d8e-4370-b5ec-f99c2faadc1a	POST	/auth/signup	/auth/signup	http://localhost:3000
08112023	23:05:31	0bcbb2a1-4c13-4b22-8958-5576dd7768ee	OPTIONS	/auth/signup	/auth/signup	http://localhost:3000
08112023	23:05:32	33af4822-9f8a-4af2-b923-56f66ed18531	POST	/auth/signup	/auth/signup	http://localhost:3000
08112023	23:06:56	043e1eac-87f3-4c6e-9185-16e7ff215721	POST	/auth/signup	/auth/signup	http://localhost:3000
08112023	23:07:46	7785c38b-3d64-40cc-89a4-6c8535cb715a	OPTIONS	/auth	/auth	http://localhost:3000
08112023	23:07:47	434333bb-e926-4ffa-adb3-0bf043721a30	POST	/auth	/auth	http://localhost:3000
08112023	23:09:59	de915587-73f5-4eb1-b4bb-62afa483abde	OPTIONS	/auth/signup	/auth/signup	http://localhost:3000
08112023	23:09:59	cdb37449-134e-4510-a307-027a8cff4aac	POST	/auth/signup	/auth/signup	http://localhost:3000
08112023	23:14:97	8d6d69bd-298a-4e43-8d88-c3659667de80	OPTIONS	/auth/signup	/auth/signup	http://localhost:3000
08112023	23:14:98	3d57eb06-0140-40f1-8db9-5658732721aa	POST	/auth/signup	/auth/signup	http://localhost:3000
08112023	23:18:08	1a00d537-c373-45d9-963c-3a18267b7747	OPTIONS	/auth/signup	/auth/signup	http://localhost:3000
08112023	23:18:09	eb68832a-89e3-452a-8b55-689da43db4d5	POST	/auth/signup	/auth/signup	http://localhost:3000
08112023	23:19:89	bc4176ce-6eea-4503-be37-c4b74b6f2aa2	OPTIONS	/auth/signup	/auth/signup	http://localhost:3000
08112023	23:19:90	34acca4a-04c7-47eb-b82d-624bd20caf10	POST	/auth/signup	/auth/signup	http://localhost:3000
08112023	23:24:35	0afbd8b4-8e9d-43fc-9372-4e307154bfba	OPTIONS	/auth/signup	/auth/signup	http://localhost:3000
08112023	23:24:36	eef818a9-4f26-46f5-a15e-ddc14045d27f	POST	/auth/signup	/auth/signup	http://localhost:3000
08112023	23:26:39	1a457cbc-d982-490d-baca-15e75f6a9fa3	OPTIONS	/auth/signup	/auth/signup	http://localhost:3000
08112023	23:26:40	849afe17-2bf2-4875-a0ee-5eaa2ef32ac9	POST	/auth/signup	/auth/signup	http://localhost:3000
08112023	23:27:95	913624ca-193f-4b7e-bde8-aa531f0deebd	OPTIONS	/auth/signup	/auth/signup	http://localhost:3000
08112023	23:27:96	b96bdc03-5db9-421a-8c8f-200d92c879d9	POST	/auth/signup	/auth/signup	http://localhost:3000
08112023	23:28:08	0b7b56b6-a9df-428f-bd7d-40abdccfdb76	OPTIONS	/auth/signup	/auth/signup	http://localhost:3000
08112023	23:28:09	1aba50e6-6b0c-4950-a535-cad519c4827e	POST	/auth/signup	/auth/signup	http://localhost:3000
08112023	23:29:86	10c3f409-4161-428a-b23b-6847aa0fd6de	OPTIONS	/auth/signup	/auth/signup	http://localhost:3000
08112023	23:29:87	58ccc578-fbd6-4a41-9e1a-e69962bbcf34	POST	/auth/signup	/auth/signup	http://localhost:3000
08112023	23:29:27	700492be-abde-4d7f-9404-6c587bd5340a	OPTIONS	/auth/signup	/auth/signup	http://localhost:3000
08112023	23:29:27	face98ca-e09e-4359-a781-a05b5a51d587	POST	/auth/signup	/auth/signup	http://localhost:3000
08112023	23:31:68	44cc60ee-2dd3-4d0f-b31e-26ab67c65688	OPTIONS	/auth/signup	/auth/signup	http://localhost:3000
08112023	23:31:69	c3e55443-e92b-4643-9394-d2b5e5bffeb2	POST	/auth/signup	/auth/signup	http://localhost:3000
08112023	23:33:60	c70dee14-ea2a-4775-95d1-a3c25edf9499	OPTIONS	/auth/signup	/auth/signup	http://localhost:3000
08112023	23:33:61	1e7361c0-f047-4fb8-86d3-ed4978274a60	POST	/auth/signup	/auth/signup	http://localhost:3000
08112023	23:33:16	b51dd534-4755-46ad-a2a8-2d7ca43d2ee7	OPTIONS	/auth/signup	/auth/signup	http://localhost:3000
08112023	23:33:17	d8fcc73e-9e50-432a-b9e1-9a9c97396e5f	POST	/auth/signup	/auth/signup	http://localhost:3000
08112023	23:36:22	18a67f7c-e8cb-42ef-ba1c-4bc4ebfb3731	OPTIONS	/auth/signup	/auth/signup	http://localhost:3000
08112023	23:36:23	a25d4a01-f151-455f-bd3d-ab856e271f5e	POST	/auth/signup	/auth/signup	http://localhost:3000
08112023	23:36:93	adb90958-c4e2-49d3-82c0-78467e772ef2	OPTIONS	/auth/signup	/auth/signup	http://localhost:3000
08112023	23:36:94	76dd8613-cf32-48d0-9f23-61d6c477fef8	POST	/auth/signup	/auth/signup	http://localhost:3000
08112023	23:38:92	50ea895b-bf37-4962-a1d1-a06bd9a27561	OPTIONS	/auth/signup	/auth/signup	http://localhost:3000
08112023	23:38:93	6687e66a-add6-40f3-9282-11144c0fb875	POST	/auth/signup	/auth/signup	http://localhost:3000
08112023	23:39:06	f900b141-d0e6-4ca1-ac98-bbd45fe9576b	OPTIONS	/auth/signup	/auth/signup	http://localhost:3000
08112023	23:39:07	7b3b26b5-8a02-4eb8-84d9-ae2d09b4d049	POST	/auth/signup	/auth/signup	http://localhost:3000
08112023	23:41:49	78e7d718-2030-41a4-a56c-453494c08f85	OPTIONS	/auth/signup	/auth/signup	http://localhost:3000
08112023	23:41:50	903e887e-e131-474b-a7b3-929c78414418	POST	/auth/signup	/auth/signup	http://localhost:3000
08112023	23:41:93	470527e9-db42-441a-bfe0-5f2431cc0f46	OPTIONS	/auth/signup	/auth/signup	http://localhost:3000
08112023	23:41:93	f325c632-655e-40bc-bca0-6a092eff979e	POST	/auth/signup	/auth/signup	http://localhost:3000
08112023	23:42:69	3fe3b09e-d3a2-42a3-a055-17c91633fb6b	OPTIONS	/auth/signup	/auth/signup	http://localhost:3000
08112023	23:42:70	5b75d6e2-d825-4f6d-9946-6446cca6ee70	POST	/auth/signup	/auth/signup	http://localhost:3000
08112023	23:44:21	c474f693-9b01-49c0-a53c-13a7ac87b2d9	OPTIONS	/auth/signup	/auth/signup	http://localhost:3000
08112023	23:44:22	39c413b4-b65c-4002-b9d3-6d049d1a7399	POST	/auth/signup	/auth/signup	http://localhost:3000
08112023	23:44:47	e9713894-5f21-4435-9cba-839f7bc2d925	OPTIONS	/auth/signup	/auth/signup	http://localhost:3000
08112023	23:44:47	53ad3f6a-b23c-46a1-825d-968abf06c528	POST	/auth/signup	/auth/signup	http://localhost:3000
08112023	23:45:39	f9aa7c0b-0888-4534-9ba7-d18a04388554	OPTIONS	/auth/signup	/auth/signup	http://localhost:3000
08112023	23:45:40	1f99e5a4-d5fb-4a92-9527-5e1ec872c35a	POST	/auth/signup	/auth/signup	http://localhost:3000
08112023	23:45:46	8f5c8ca5-a9c8-4942-8f0f-123577336963	POST	/auth/signup	/auth/signup	http://localhost:3000
08112023	23:45:46	8020ba5b-5179-40e9-bc43-2e307b0566cd	OPTIONS	/auth/signup	/auth/signup	http://localhost:3000
08112023	23:45:46	d1ed33c3-f21f-4fca-9b0b-d8aad53288db	POST	/auth/signup	/auth/signup	http://localhost:3000
08112023	23:45:07	debc15fd-39c7-4c5e-aa8e-cda066556534	POST	/auth/signup	/auth/signup	http://localhost:3000
08112023	23:45:01	d3309937-3906-4476-b800-a0b460afd1d1	OPTIONS	/auth/signup	/auth/signup	http://localhost:3000
08112023	23:45:01	cb023c06-4505-4f40-bae9-93603aa06414	POST	/auth/signup	/auth/signup	http://localhost:3000
08112023	23:45:31	7e29e2cb-6258-4bcb-bfed-30446b911c91	POST	/auth/signup	/auth/signup	http://localhost:3000
08112023	23:45:72	cecf3251-5705-4110-8c6a-0a48385a6c5e	OPTIONS	/auth/signup	/auth/signup	http://localhost:3000
08112023	23:45:72	332d94df-c38f-4f33-9f7a-ab350031b4da	POST	/auth/signup	/auth/signup	http://localhost:3000
08112023	23:45:71	05b7065c-5715-4551-af78-187bc524de5d	POST	/auth/signup	/auth/signup	http://localhost:3000
08112023	23:45:55	585d32b5-204e-4bb0-ab72-24c8332b3f21	OPTIONS	/auth/signup	/auth/signup	http://localhost:3000
08112023	23:45:56	fdddb3a4-91a6-4c6f-89ca-0e4619ebfb10	POST	/auth/signup	/auth/signup	http://localhost:3000
08112023	23:46:89	e8ba31e6-72c3-43dc-9ac7-2c48257c8591	OPTIONS	/auth/signup	/auth/signup	http://localhost:3000
08112023	23:46:90	5a9d2f23-1d92-4b67-b14c-509816a79a53	POST	/auth/signup	/auth/signup	http://localhost:3000
08112023	23:46:60	9de531b4-521d-4e62-a528-7be7fb4f4f22	OPTIONS	/auth/signup	/auth/signup	http://localhost:3000
08112023	23:46:61	060e1c4c-1363-4e33-844c-bb2c952b822f	POST	/auth/signup	/auth/signup	http://localhost:3000
08112023	23:50:48	ca7cbaa8-e663-40d2-989e-8fd52ae75c9b	OPTIONS	/auth/signup	/auth/signup	http://localhost:3000
08112023	23:50:49	7cd16737-a393-461c-bb18-12616b13dac6	POST	/auth/signup	/auth/signup	http://localhost:3000
08112023	23:50:92	d948afad-f0c4-4779-9a9d-ab3971aab868	OPTIONS	/auth/signup	/auth/signup	http://localhost:3000
08112023	23:50:92	1624ad9d-e67b-4819-ba64-7e3b48f3b589	POST	/auth/signup	/auth/signup	http://localhost:3000
08112023	23:50:71	dbeab52a-a0a3-4270-a3c0-e6ecd3507e99	POST	/auth/signup	/auth/signup	http://localhost:3000
08112023	23:54:37	d07d6fc6-89d0-401c-9ced-69f4efef4d65	OPTIONS	/auth/signup	/auth/signup	http://localhost:3000
08112023	23:54:38	e15e2beb-b10e-47e5-a185-e3fdeab4b48f	POST	/auth/signup	/auth/signup	http://localhost:3000
08112023	23:54:22	75ec2327-3ddb-484a-baa2-cf7e562d273c	OPTIONS	/auth/signup	/auth/signup	http://localhost:3000
08112023	23:54:23	dd1f0dae-cc5e-4b9a-9adf-217a68960c0a	POST	/auth/signup	/auth/signup	http://localhost:3000
08112023	23:55:14	36f665d0-ee4a-4007-bc83-d60d1913e1b1	OPTIONS	/auth/signup	/auth/signup	http://localhost:3000
08112023	23:55:15	c7f883e6-e3e9-4ef4-a036-58001ccb4429	POST	/auth/signup	/auth/signup	http://localhost:3000
08112023	23:55:17	37686086-f9c5-46a3-9382-8e1984bd5354	POST	/auth/signup	/auth/signup	http://localhost:3000
08112023	23:55:33	b0da731d-449c-4006-a02d-6d18a7de1128	OPTIONS	/auth/signup	/auth/signup	http://localhost:3000
08112023	23:55:34	2f83557d-82c1-4966-9c58-cdf05de1cae2	POST	/auth/signup	/auth/signup	http://localhost:3000
08112023	23:59:54	0161b394-fe41-4a27-8ab5-2456c5c46b85	OPTIONS	/auth	/auth	http://localhost:3000
08112023	23:59:55	35fa7fb1-7ddc-49fd-8209-372a8a9ca057	POST	/auth	/auth	http://localhost:3000
08112023	23:59:06	c42225ae-97f6-4643-8303-b72b061f8166	POST	/auth	/auth	http://localhost:3000
08112023	23:59:71	1556ca54-d734-44bf-88e3-eba5b2b5a946	OPTIONS	/auth	/auth	http://localhost:3000
08112023	23:59:71	d0ae3f4f-12b4-4e2f-b499-2d49ed31fcea	POST	/auth	/auth	http://localhost:3000
08112023	23:59:46	21c4b3e8-f834-48c2-9ae1-ff84c869f752	POST	/auth	/auth	http://localhost:3000
08112023	23:59:08	02ce7150-ccd7-4eb1-afc5-3208e5f3efb0	OPTIONS	/auth	/auth	http://localhost:3000
08112023	23:59:08	f2db43ba-034e-4623-b4e2-11b342ed4d60	POST	/auth	/auth	http://localhost:3000
09112023	00:01:15	05b417ad-515c-4168-a49f-79518b05e098	OPTIONS	/auth	/auth	http://localhost:3000
09112023	00:01:17	ca032231-0056-4ec8-8700-f4fc33fdc0c7	POST	/auth	/auth	http://localhost:3000
09112023	00:01:26	51183b63-a9c6-4a38-9dc3-abc5196cc423	OPTIONS	/auth	/auth	http://localhost:3000
09112023	00:01:27	6d3514a3-3c74-4994-b479-8732c0557b2b	POST	/auth	/auth	http://localhost:3000
09112023	00:01:94	7bd0a76f-91a1-440c-a8aa-c598258ba0f5	OPTIONS	/auth	/auth	http://localhost:3000
09112023	00:01:95	dce87664-9c47-4e52-83bb-016045218f81	POST	/auth	/auth	http://localhost:3000
09112023	00:01:24	73577cdc-31db-4d99-abb0-110004af8615	OPTIONS	/auth	/auth	http://localhost:3000
09112023	00:01:25	e47f4d8a-9167-4e65-bdd2-8eb42abe40de	POST	/auth	/auth	http://localhost:3000
09112023	00:01:48	389bcd6b-1680-4648-8d0b-a2bde59d2969	OPTIONS	/auth	/auth	http://localhost:3000
09112023	00:01:51	acace323-bab2-4777-9c16-4bd62abfae4d	POST	/auth	/auth	http://localhost:3000
09112023	00:01:87	2691172a-05d6-45ee-9384-16b884e3a1f2	OPTIONS	/auth	/auth	http://localhost:3000
09112023	00:01:88	f8468227-dd36-45cf-a715-286df66646d8	POST	/auth	/auth	http://localhost:3000
09112023	00:03:83	d84fcfe8-3dff-4b8f-86d0-150c90e80336	OPTIONS	/auth	/auth	http://localhost:3000
09112023	00:03:83	7e51f57e-d0ff-4f0d-b85a-83f75982e3d5	POST	/auth	/auth	http://localhost:3000
09112023	00:03:28	13e85fcc-feec-4005-b1f0-61ecd680cd0e	OPTIONS	/auth	/auth	http://localhost:3000
09112023	00:03:28	7d8e730d-1d49-40f6-b70c-31edd48716c5	POST	/auth	/auth	http://localhost:3000
09112023	00:05:30	5a507dac-8632-4f92-86b6-584b7dbd2568	OPTIONS	/auth	/auth	http://localhost:3000
09112023	00:05:30	1835753e-dba6-4986-95cc-5bf6018c2121	POST	/auth	/auth	http://localhost:3000
09112023	00:05:20	55f649ac-c0d3-421c-b5f0-04e2b1610b5f	OPTIONS	/auth	/auth	http://localhost:3000
09112023	00:05:20	95c5f25d-2674-4324-9a69-e1d686ea3976	POST	/auth	/auth	http://localhost:3000
09112023	00:09:25	3315b032-1d51-4f04-a829-19d5d3659828	OPTIONS	/auth/signup	/auth/signup	http://localhost:3000
09112023	00:09:26	99b4f89f-5ac5-4300-94dc-65530065706a	POST	/auth/signup	/auth/signup	http://localhost:3000
09112023	00:10:58	a1908771-fb0f-419a-80a2-844935f7ecc3	OPTIONS	/auth/signup	/auth/signup	http://localhost:3000
09112023	00:10:59	16f6d7f2-4d92-4542-9773-d5d7e944eb3b	POST	/auth/signup	/auth/signup	http://localhost:3000
09112023	00:11:11	742aa837-7cf3-4262-90e8-bd0375cab8ee	OPTIONS	/auth/signup	/auth/signup	http://localhost:3000
09112023	00:11:11	1657a5f7-5e64-4060-868e-abdb8af7140d	POST	/auth/signup	/auth/signup	http://localhost:3000
09112023	00:27:67	c4862d7e-a185-43af-b611-52fc2ca0891a	OPTIONS	/auth	/auth	http://localhost:3000
09112023	00:27:68	de67fa7b-c8f4-451f-9674-a29b886c5821	POST	/auth	/auth	http://localhost:3000
09112023	00:27:29	036d85c9-f198-427d-8dc9-247918f4800f	OPTIONS	/auth	/auth	http://localhost:3000
09112023	00:27:30	f11ea283-74eb-4a5c-9e58-872f735a8f34	POST	/auth	/auth	http://localhost:3000
09112023	00:27:61	c63e5ea0-c03b-4954-b467-28eb804abe4d	POST	/auth	/auth	http://localhost:3000
09112023	00:27:54	d5f1974f-9409-4e62-b68d-9902b481812c	OPTIONS	/auth/signup	/auth/signup	http://localhost:3000
09112023	00:27:55	7d70e698-343c-4931-a7df-9278ef2b8b46	POST	/auth/signup	/auth/signup	http://localhost:3000
09112023	00:35:37	a1880457-6b62-46c1-8211-a6a320bddf85	OPTIONS	/auth/signup	/auth/signup	http://localhost:3000
09112023	00:35:37	a4733181-f89e-4391-ac86-a0564418cf48	POST	/auth/signup	/auth/signup	http://localhost:3000
09112023	00:36:10	07df9bcb-ad12-48de-95ac-d3ea09e7c8ab	OPTIONS	/auth	/auth	http://localhost:3000
09112023	00:36:10	fa12ff12-5e01-49ac-9c5a-45c045cfcd4d	POST	/auth	/auth	http://localhost:3000
09112023	00:37:97	15f06502-69da-4c38-aea1-4ba4ca94c6e4	OPTIONS	/auth/signup	/auth/signup	http://localhost:3000
09112023	00:37:98	06c2b187-d153-4547-89b7-d305e1c66240	POST	/auth/signup	/auth/signup	http://localhost:3000
09112023	00:39:15	4133aa0a-6ca2-42cc-ba8f-0278cf764e1d	OPTIONS	/auth/signup	/auth/signup	http://localhost:3000
09112023	00:39:16	bbf5616e-7414-4fc1-8805-bb6b7813b3b1	POST	/auth/signup	/auth/signup	http://localhost:3000
09112023	00:39:65	245005d4-24d4-4990-aad7-12c27c688c83	OPTIONS	/auth	/auth	http://localhost:3000
09112023	00:39:65	00fdff46-242b-4830-8267-f4e09c2032a3	POST	/auth	/auth	http://localhost:3000
09112023	00:41:51	45e9376e-cc4b-4b14-bd68-af3b44eee7ad	OPTIONS	/auth/signup	/auth/signup	http://localhost:3000
09112023	00:41:52	b4a7eadb-528d-4b73-bd2c-c54e22fd5655	POST	/auth/signup	/auth/signup	http://localhost:3000
09112023	00:43:73	dd4b5ef6-7b8e-4076-9be5-a5a0b409cfce	OPTIONS	/auth/signup	/auth/signup	http://localhost:3000
09112023	00:43:74	031c261d-8539-49c9-a1ee-135132881bf7	POST	/auth/signup	/auth/signup	http://localhost:3000
09112023	00:43:92	1b00bc28-e19a-4c21-bf9d-122266016092	OPTIONS	/auth/signup	/auth/signup	http://localhost:3000
09112023	00:43:93	ce4ae386-8e37-48d6-9800-d0613dc76df1	POST	/auth/signup	/auth/signup	http://localhost:3000
09112023	00:44:80	c4cf83ea-2852-4609-ab06-0c6fa3d04e7e	OPTIONS	/auth/signup	/auth/signup	http://localhost:3000
09112023	00:44:81	f432c821-5942-407b-b62f-08081296dfb1	POST	/auth/signup	/auth/signup	http://localhost:3000
09112023	00:45:68	0888608d-0f5d-424c-9b1d-870d1ed0c04a	OPTIONS	/auth/signup	/auth/signup	http://localhost:3000
09112023	00:45:69	19445017-61ff-4ea5-839b-c3a571bd506d	POST	/auth/signup	/auth/signup	http://localhost:3000
09112023	00:49:08	37191dd6-d72c-4696-b6c8-c21395fd6df0	OPTIONS	/auth/signup	/auth/signup	http://localhost:3000
09112023	00:49:09	6c034e28-33c5-41ba-aecc-c1f0cfff8490	POST	/auth/signup	/auth/signup	http://localhost:3000
09112023	00:49:52	63dec133-a7c0-4f20-a51e-8431e43c66ef	OPTIONS	/auth/signup	/auth/signup	http://localhost:3000
09112023	00:49:52	f5588748-fd93-4fcc-a3f2-872180410a4e	POST	/auth/signup	/auth/signup	http://localhost:3000
09112023	00:50:04	64d174c0-b9b3-43a7-b127-92cd76c5efd4	OPTIONS	/auth/signup	/auth/signup	http://localhost:3000
09112023	00:50:05	678975c8-a1e7-477d-aaf5-969e187678d5	POST	/auth/signup	/auth/signup	http://localhost:3000
09112023	00:53:81	74b69167-83d0-421a-81b5-855efb90b4b8	OPTIONS	/auth	/auth	http://localhost:3000
09112023	00:53:81	f2838a1c-ad8b-4b5e-bdb1-a0981bf1f665	POST	/auth	/auth	http://localhost:3000
09112023	00:54:63	4c3e43f8-0016-4513-a856-f9a86a70ae95	OPTIONS	/auth	/auth	http://localhost:3000
09112023	00:54:64	0392b563-8bd3-4213-bffd-b640d766b7d2	POST	/auth	/auth	http://localhost:3000
09112023	00:55:09	677a8fe6-c85a-4f0c-a929-8de1d3bcfe5d	OPTIONS	/auth/signup	/auth/signup	http://localhost:3000
09112023	00:55:09	2986df65-e941-4000-b3de-302a32b5d934	POST	/auth/signup	/auth/signup	http://localhost:3000
09112023	00:58:78	e4d6772f-4739-457f-a727-fa2d2be6da68	OPTIONS	/auth/signup	/auth/signup	http://localhost:3000
09112023	00:58:79	8173a4dd-4363-4a9e-808a-48a70eab18e2	POST	/auth/signup	/auth/signup	http://localhost:3000
09112023	00:59:15	a74ca61e-7211-455c-b809-7fcfd573980d	OPTIONS	/auth/signup	/auth/signup	http://localhost:3000
09112023	00:59:16	8945563f-4872-4d3a-b7d2-16fa5c8d0b92	POST	/auth/signup	/auth/signup	http://localhost:3000
09112023	01:01:24	e0cb332b-0587-44b0-bce6-c1fe4323665d	OPTIONS	/auth/signup	/auth/signup	http://localhost:3000
09112023	01:01:25	12d34d36-72b2-4ff1-aa11-c013033d5067	POST	/auth/signup	/auth/signup	http://localhost:3000
09112023	01:01:65	ed8585e1-f394-484a-b526-2aa4650b6923	OPTIONS	/auth/signup	/auth/signup	http://localhost:3000
09112023	01:01:65	b616f484-aa24-41f8-9ed0-d2b4ad40b586	POST	/auth/signup	/auth/signup	http://localhost:3000
09112023	01:03:84	b477c9b9-7c34-4776-8d7e-adfe7957c9fa	OPTIONS	/auth/signup	/auth/signup	http://localhost:3000
09112023	01:03:85	013ab5f1-98d6-4452-88c9-02fa72b768a3	POST	/auth/signup	/auth/signup	http://localhost:3000
09112023	01:03:84	34b8b9df-2d12-4837-b408-bee4d2f3dd72	OPTIONS	/auth/signup	/auth/signup	http://localhost:3000
09112023	01:03:85	a2aeae1c-6b0a-41b3-a10d-418e588d8224	POST	/auth/signup	/auth/signup	http://localhost:3000
09112023	01:04:45	75beb6f8-49ce-4c26-8cd8-f88f9c481e01	OPTIONS	/auth/signup	/auth/signup	http://localhost:3000
09112023	01:04:46	37c70f31-6435-43ef-ae11-a83961047882	POST	/auth/signup	/auth/signup	http://localhost:3000
09112023	01:04:94	1e9d24e2-ff52-4477-aa26-14f785eb7961	OPTIONS	/auth/signup	/auth/signup	http://localhost:3000
09112023	01:04:96	d04e6225-5670-48c3-8ef2-8dc232a71cbf	POST	/auth/signup	/auth/signup	http://localhost:3000
09112023	01:05:25	cdf0838b-6744-4568-9238-41d21330c1bf	OPTIONS	/auth/signup	/auth/signup	http://localhost:3000
09112023	01:05:27	24c86d81-9508-455b-957d-c8ecf1016865	POST	/auth/signup	/auth/signup	http://localhost:3000
09112023	01:05:02	bd884a08-6603-4880-ae02-9e15604c9235	OPTIONS	/auth/signup	/auth/signup	http://localhost:3000
09112023	01:05:03	dadfee2f-5d3d-48fd-8c81-cdb5051c6239	POST	/auth/signup	/auth/signup	http://localhost:3000
09112023	01:06:96	c497eb6d-1197-4b9e-95ca-0b0c1ef8c5a1	OPTIONS	/auth/signup	/auth/signup	http://localhost:3000
09112023	01:06:97	877d78ce-0c41-417a-921f-cbb75aeb2a31	POST	/auth/signup	/auth/signup	http://localhost:3000
09112023	01:06:87	36a405cf-f118-49f5-8b5d-50f556319b50	OPTIONS	/auth/signup	/auth/signup	http://localhost:3000
09112023	01:06:88	d91e6b54-ad16-4c5f-9207-7e289cf8b6d1	POST	/auth/signup	/auth/signup	http://localhost:3000
09112023	01:07:50	480badb2-4804-4039-baa4-532ec3e97542	OPTIONS	/auth/signup	/auth/signup	http://localhost:3000
09112023	01:07:51	d5a1d07f-a1e0-4039-bf12-6b0b7620da76	POST	/auth/signup	/auth/signup	http://localhost:3000
09112023	01:07:62	2e279409-4df8-45b8-8dfe-967f7a51d5f6	OPTIONS	/auth/signup	/auth/signup	http://localhost:3000
09112023	01:07:63	f4d2bf43-79d4-4dd9-835d-582cf0732484	POST	/auth/signup	/auth/signup	http://localhost:3000
09112023	01:11:66	4f367c34-cf62-4369-bf8b-fc0dfa26675e	OPTIONS	/auth/signup	/auth/signup	http://localhost:3000
09112023	01:11:67	23d47cee-5d49-432f-b71a-833ef02f4e6e	POST	/auth/signup	/auth/signup	http://localhost:3000
09112023	01:11:85	2f0addd6-c9cc-46df-a63b-451dde909fc8	OPTIONS	/auth/signup	/auth/signup	http://localhost:3000
09112023	01:11:87	b931805d-7626-4480-902c-c157e6516cb1	POST	/auth/signup	/auth/signup	http://localhost:3000
09112023	01:12:90	35ca9185-d510-4d3a-90e0-99aa86d332a3	OPTIONS	/auth/signup	/auth/signup	http://localhost:3000
09112023	01:12:91	8db4295d-c058-45cf-9c5d-075a293dcd1d	POST	/auth/signup	/auth/signup	http://localhost:3000
09112023	01:12:41	ff62939b-b365-445c-be77-67014bbf2a23	OPTIONS	/auth/signup	/auth/signup	http://localhost:3000
09112023	01:12:41	311c2d06-0449-492c-b282-e65a1131e70d	POST	/auth/signup	/auth/signup	http://localhost:3000
09112023	01:12:68	0e4f40f7-a1f6-4bf5-a0dc-38f656bb7067	OPTIONS	/auth/signup	/auth/signup	http://localhost:3000
09112023	01:12:69	e209eb2d-4fa8-4637-9fc3-e55176bf9e12	POST	/auth/signup	/auth/signup	http://localhost:3000
09112023	01:13:61	7f431d84-3ce5-4a3c-8d13-69f8c32fa5a5	OPTIONS	/auth/signup	/auth/signup	http://localhost:3000
09112023	01:13:62	e903ceea-8510-4632-99b9-fdf4e093441b	POST	/auth/signup	/auth/signup	http://localhost:3000
09112023	01:13:53	2dea8fdb-edf4-457d-b9cb-905c589a55af	OPTIONS	/auth/signup	/auth/signup	http://localhost:3000
09112023	01:13:54	6485e827-7ed9-490c-b549-3075bd3a4d8e	POST	/auth/signup	/auth/signup	http://localhost:3000
09112023	01:13:41	a2b5e0c9-2da7-483b-8c74-9194cd592030	OPTIONS	/auth/signup	/auth/signup	http://localhost:3000
09112023	01:13:41	1fcf1645-b957-41e0-8daf-aca60c43eafb	POST	/auth/signup	/auth/signup	http://localhost:3000
09112023	01:15:41	75e56ffb-4ff1-4942-8243-a64e398c31d3	OPTIONS	/auth/signup	/auth/signup	http://localhost:3000
09112023	01:15:43	d6ea5af5-9636-4bdd-9b45-110d1b1cbe60	POST	/auth/signup	/auth/signup	http://localhost:3000
09112023	01:15:82	53640df1-2e22-4431-92fd-a016c837352e	OPTIONS	/auth/signup	/auth/signup	http://localhost:3000
09112023	01:15:83	5ba74a20-7a31-4950-ac37-4ffe13c4c301	POST	/auth/signup	/auth/signup	http://localhost:3000
09112023	01:15:10	2aaab7a3-6a6d-4bc5-ab5f-a479320aee5e	OPTIONS	/auth/signup	/auth/signup	http://localhost:3000
09112023	01:15:11	313ea0b5-8238-4fbe-b39e-3f9b660aef2b	POST	/auth/signup	/auth/signup	http://localhost:3000
09112023	01:16:67	4847b2cc-08f5-46e4-b9ad-7f26e0316b91	OPTIONS	/auth	/auth	http://localhost:3000
09112023	01:16:67	88aecae8-3db2-4284-9a3a-81888e00eb5d	POST	/auth	/auth	http://localhost:3000
09112023	01:16:53	59fdf7d5-1422-4f73-a3bb-d4d9ca2e1de0	OPTIONS	/auth	/auth	http://localhost:3000
09112023	01:16:54	2a21223f-a52d-4550-bf35-26ca377b6836	POST	/auth	/auth	http://localhost:3000
09112023	01:16:99	39fbbf8a-9b40-47d2-adb3-bc378d2ab3bc	OPTIONS	/auth	/auth	http://localhost:3000
09112023	01:16:00	b1436a60-12c3-411d-9de7-520729e268e8	POST	/auth	/auth	http://localhost:3000
09112023	01:17:71	40cd4718-ec64-4c99-978b-271888373095	OPTIONS	/auth/signup	/auth/signup	http://localhost:3000
09112023	01:17:72	9c05d808-5959-4350-8ec0-c9e2968ab93a	POST	/auth/signup	/auth/signup	http://localhost:3000
09112023	01:18:29	dd48e134-af9f-4b66-9ac2-6e1d289e66c9	OPTIONS	/auth/signup	/auth/signup	http://localhost:3000
09112023	01:18:30	8b1cdb86-f2e1-464d-86d5-9bf43b0fb5ac	POST	/auth/signup	/auth/signup	http://localhost:3000
09112023	01:18:20	25039a9f-356a-4651-8f49-e450b3292210	OPTIONS	/auth	/auth	http://localhost:3000
09112023	01:18:20	3442a2c2-106a-4eef-a3b8-af1478cdd724	POST	/auth	/auth	http://localhost:3000
09112023	01:20:64	20044500-5cfe-4cd4-bc91-10ed94e15a7c	OPTIONS	/auth	/auth	http://localhost:3000
09112023	01:20:65	7a45a4f7-a2da-49ee-9330-a455cca524c4	POST	/auth	/auth	http://localhost:3000
09112023	01:47:74	2ed6002b-8b36-444e-8372-cbf6bf8e3a2f	OPTIONS	/auth/signup	/auth/signup	http://localhost:3000
09112023	01:47:75	dfbcb128-5480-40fb-aded-e22f55bfc395	POST	/auth/signup	/auth/signup	http://localhost:3000
09112023	01:47:31	541d2e79-9c11-4a51-be9f-6937bc9b8bf4	OPTIONS	/auth/signup	/auth/signup	http://localhost:3000
09112023	01:47:32	eaa5101f-d642-4a5b-af8a-db16b302780a	POST	/auth/signup	/auth/signup	http://localhost:3000
09112023	01:47:71	db73ecb1-46bd-4061-9167-c0e311ecb77c	OPTIONS	/auth/signup	/auth/signup	http://localhost:3000
09112023	01:47:71	4a001820-cd56-444c-a23c-8915256bdfc7	POST	/auth/signup	/auth/signup	http://localhost:3000
09112023	01:47:22	c33e9c0c-877b-4eac-b878-77ddbf3755e6	OPTIONS	/auth/signup	/auth/signup	http://localhost:3000
09112023	01:47:22	5c3d1a88-90f6-4f39-9e02-cf62606d3176	POST	/auth/signup	/auth/signup	http://localhost:3000
09112023	01:47:86	f4c7f962-cf2d-4ae7-89d6-09f5fb7cd8ae	OPTIONS	/auth	/auth	http://localhost:3000
09112023	01:47:86	37369e3f-71b0-4d84-b4c1-f9c83b839e76	POST	/auth	/auth	http://localhost:3000
09112023	01:52:72	e578ac2e-62dc-4f2d-b19b-3e69a247d9a6	OPTIONS	/auth	http://localhost:3000
09112023	01:52:73	23633482-d2b3-4630-bf25-3d1ccc42b723	POST	/auth	http://localhost:3000
09112023	01:58:25	f1e14094-527b-4190-9f31-18df9a24001f	OPTIONS	/auth/signup	http://localhost:3000
09112023	01:58:27	cde3b29b-022a-4d13-a50c-9f1319bfc455	POST	/auth/signup	http://localhost:3000
09112023	02:08:09	03c3316f-702b-4735-9ee0-16b84fdb46a1	OPTIONS	/auth/signup	http://localhost:3000
09112023	02:08:10	ce25d148-dbe2-40ac-962e-268d0aa88e5a	POST	/auth/signup	http://localhost:3000
09112023	02:10:44	64bede8f-9006-419a-b94f-dd15470f6c91	OPTIONS	/auth/signup	http://localhost:3000
09112023	02:10:46	4fa1c86a-610b-4e7a-b2fc-f8368b2c7a7d	POST	/auth/signup	http://localhost:3000
09112023	02:11:00	5e5ffc8f-f0de-4533-b622-3007965d5d30	OPTIONS	/auth/signup	http://localhost:3000
09112023	02:11:01	bf3c1526-0864-4c7e-8f21-bb3b7259d4ed	POST	/auth/signup	http://localhost:3000
09112023	02:11:00	a4dbe87f-7ff9-400e-948a-72014621432f	OPTIONS	/auth/signup	http://localhost:3000
09112023	02:11:00	9b538a59-b0de-476e-ab9b-9874f98f4a74	POST	/auth/signup	http://localhost:3000
09112023	02:11:62	94eb9d9a-6d58-43c4-bb3a-29b12b31ed6f	OPTIONS	/auth/signup	http://localhost:3000
09112023	02:11:63	c3e0c632-5b9d-44f7-a64b-cbb1debeba74	POST	/auth/signup	http://localhost:3000
09112023	02:12:49	2b435135-1ab1-47a6-8b38-0759166f2c39	OPTIONS	/auth/signup	http://localhost:3000
09112023	02:12:50	3f2a0447-492d-4d8f-8a97-44c71932f34b	POST	/auth/signup	http://localhost:3000
09112023	02:14:05	7818d0a2-c8ad-4bc9-86e2-14bd7475e197	OPTIONS	/auth/signup	http://localhost:3000
09112023	02:14:08	3ba6ced7-410a-4c3a-b30a-fcc91b120de4	POST	/auth/signup	http://localhost:3000
09112023	02:16:69	9fec4907-ca58-4298-a367-dc583142b64f	OPTIONS	/auth	http://localhost:3000
09112023	02:16:70	efb6935b-08dd-4afd-904b-78654f60b9fb	POST	/auth	http://localhost:3000
09112023	02:16:44	97895d52-7d99-45e8-9262-7a727776bd9d	POST	/auth	http://localhost:3000
09112023	02:18:36	f4d68db4-4497-440e-94d2-497b4fb3e3ed	OPTIONS	/auth/signup	http://localhost:3000
09112023	02:18:37	d30ae868-9d49-4951-9a60-0d6cf9e24655	POST	/auth/signup	http://localhost:3000
09112023	02:18:01	a585256e-de6e-4a8d-8f6a-6d1b6459248e	OPTIONS	/auth/signup	http://localhost:3000
09112023	02:18:01	f78a8c47-17b1-45db-9d5d-8dd6d4f516dc	POST	/auth/signup	http://localhost:3000
09112023	02:22:43	ee21380c-107c-4fdd-a39f-96ac3cbe93b0	OPTIONS	/auth	http://localhost:3000
09112023	02:22:44	e1d49eb4-97f9-44f3-ae20-f0f9929d61d1	POST	/auth	http://localhost:3000
09112023	13:34:14	514bacf7-f3c3-42b8-b254-2ce60382a861	OPTIONS	/auth	http://localhost:3000
09112023	13:34:15	3ece6123-a5b6-4b52-bb4f-c5d6dfb7a9e3	POST	/auth	http://localhost:3000
09112023	13:34:51	cf1e4279-841f-4313-8b0c-af4c10008015	OPTIONS	/auth/signup	http://localhost:3000
09112023	13:34:52	50e9a414-ace5-4489-a6ab-7cd117673d17	POST	/auth/signup	http://localhost:3000
09112023	13:34:46	0294bc65-a4b4-4155-9332-b5ce032bd81b	OPTIONS	/auth/signup	http://localhost:3000
09112023	13:34:46	4feae274-f5fa-4416-b386-ae8d409c1c6e	POST	/auth/signup	http://localhost:3000
09112023	13:35:57	3ad761c7-f455-4a5b-b38a-23369b5f9c76	OPTIONS	/auth/signup	http://localhost:3000
09112023	13:35:57	2750f9e1-288d-4d43-9b75-17023fe974c2	POST	/auth/signup	http://localhost:3000
09112023	13:35:33	412b874a-0d21-48f6-b902-5601e02ec651	OPTIONS	/auth	http://localhost:3000
09112023	13:35:34	0b139623-cfb0-4502-b413-a8dfb138b15f	POST	/auth	http://localhost:3000
09112023	13:42:49	6130bb60-9ed4-4e44-9ac0-a4c1d7374f44	OPTIONS	/auth/signup	http://localhost:3000
09112023	13:42:49	33dc5ded-406d-45ee-83ca-923c5dc3f24d	POST	/auth/signup	http://localhost:3000
09112023	13:42:63	5bcbc454-adf0-420f-a51e-4cec355aa6d7	OPTIONS	/auth/signup	http://localhost:3000
09112023	13:42:64	fd54645e-65b8-4861-82be-57910adee4b5	POST	/auth/signup	http://localhost:3000
09112023	13:43:23	f3df27aa-d34f-4e58-b2c0-9a8d75a4f865	OPTIONS	/auth/signup	http://localhost:3000
09112023	13:43:24	acbb786b-0103-4ec4-a63d-46119062f8e2	POST	/auth/signup	http://localhost:3000
09112023	13:43:43	4f4abd2b-de74-4e2a-9ded-91690b1d896f	OPTIONS	/auth	http://localhost:3000
09112023	13:43:43	259a768f-a262-4885-90aa-892ea19a5711	POST	/auth	http://localhost:3000
09112023	15:11:73	20ca504f-b6aa-4da7-873e-3fa455e9ed2e	OPTIONS	/auth/signup	http://localhost:3000
09112023	15:11:75	266720f5-8422-402e-8fa6-fd9d32585d24	POST	/auth/signup	http://localhost:3000
09112023	15:12:08	83239127-61ae-4e9a-93d8-a0120194b561	OPTIONS	/auth/signup	http://localhost:3000
09112023	15:12:09	bc8b753f-ef3b-4339-9b34-7122db8940a2	POST	/auth/signup	http://localhost:3000
09112023	15:13:47	d03fff7f-7498-4ae5-a0d1-3fcc47ead6e9	OPTIONS	/auth/signup	http://localhost:3000
09112023	15:13:48	f0a6cecc-07c6-42d6-8fbc-cddd0e19da55	POST	/auth/signup	http://localhost:3000
09112023	15:14:01	36a84145-65db-4598-9ed6-f1f38faabc9e	OPTIONS	/auth	http://localhost:3000
09112023	15:14:01	94518753-d629-4643-982f-ca249f68b143	POST	/auth	http://localhost:3000
09112023	15:14:23	8423899e-1bc8-43ab-b518-dfa5c75159e7	OPTIONS	/auth	http://localhost:3000
09112023	15:14:23	2d4a8ab4-a97e-43ea-86db-44f7731ace80	POST	/auth	http://localhost:3000
09112023	15:15:21	ac8c003f-e0a7-4a19-aa96-507efd76fd4c	OPTIONS	/auth	http://localhost:3000
09112023	15:15:21	540ce62c-f42c-4781-98ea-7cc65374e4d2	POST	/auth	http://localhost:3000
09112023	15:15:99	c49c35fc-beb1-42ae-8471-1d5e4d1b5f06	OPTIONS	/auth	http://localhost:3000
09112023	15:15:00	b1e87264-adb5-467f-b2e6-14be1dce404a	POST	/auth	http://localhost:3000
09112023	15:15:26	0098bebb-86ef-4d72-85cc-e555c814fd61	OPTIONS	/auth	http://localhost:3000
09112023	15:15:26	5ceab97d-2ab7-4243-b1d3-037bb5f796c8	POST	/auth	http://localhost:3000
13112023	21:41:40	b5d85b69-de72-47ac-b042-4c4a4f2f33fd	OPTIONS	/auth	http://localhost:3000
13112023	21:41:41	19ac737d-869b-41bc-9085-596d0556a154	POST	/auth	http://localhost:3000
13112023	21:49:28	f5ffb675-07cc-44e0-b9f1-48f3524d1f20	OPTIONS	/auth/signup	http://localhost:3000
13112023	21:49:28	ab765401-6bd4-4fb5-885e-c1c171cd7ba3	POST	/auth/signup	http://localhost:3000
13112023	21:49:78	46b821c4-569e-4a14-b698-183704a91951	OPTIONS	/auth	http://localhost:3000
13112023	21:49:79	ff3ce726-cedf-4264-9793-9895791fc1c0	POST	/auth	http://localhost:3000
